[debug] [2021-07-01T22:43:11.189Z] ----------------------------------------------------------------------
[debug] [2021-07-01T22:43:11.192Z] Command:       C:\Program Files (x86)\nodejs\node.exe C:\Users\pc\AppData\Roaming\npm\node_modules\firebase-tools\lib\bin\firebase.js init
[debug] [2021-07-01T22:43:11.192Z] CLI Version:   9.14.0
[debug] [2021-07-01T22:43:11.192Z] Platform:      win32
[debug] [2021-07-01T22:43:11.192Z] Node Version:  v14.17.0
[debug] [2021-07-01T22:43:11.193Z] Time:          Fri Jul 02 2021 04:13:11 GMT+0530 (India Standard Time)
[debug] [2021-07-01T22:43:11.193Z] ----------------------------------------------------------------------
[debug] 
[debug] [2021-07-01T22:43:11.200Z] > command requires scopes: ["email","openid","https://www.googleapis.com/auth/cloudplatformprojects.readonly","https://www.googleapis.com/auth/firebase","https://www.googleapis.com/auth/cloud-platform"]
[debug] [2021-07-01T22:43:11.200Z] > authorizing via signed-in user (gyanp008@gmail.com)
[info] 
     ######## #### ########  ######## ########     ###     ######  ########
     ##        ##  ##     ## ##       ##     ##  ##   ##  ##       ##
     ######    ##  ########  ######   ########  #########  ######  ######
     ##        ##  ##    ##  ##       ##     ## ##     ##       ## ##
     ##       #### ##     ## ######## ########  ##     ##  ######  ########

You're about to initialize a Firebase project in this directory:

  E:\chatty\chatty

Before we get started, keep in mind:

  * You are initializing within an existing Firebase project directory

[info] 
=== Project Setup
[info] 
[info] First, let's associate this project directory with a Firebase project.
[info] You can create multiple project aliases by running firebase use --add, 
[info] but for now we'll just set up a default project.
[info] 
[info] i  .firebaserc already has a default project, using chatty-aaa44. 
[debug] [2021-07-01T22:43:18.746Z] >>> [apiv2][query] GET https://firebase.googleapis.com/v1beta1/projects/chatty-aaa44 [none]
[debug] [2021-07-01T22:43:19.547Z] <<< [apiv2][status] GET https://firebase.googleapis.com/v1beta1/projects/chatty-aaa44 200
[debug] [2021-07-01T22:43:19.548Z] <<< [apiv2][body] GET https://firebase.googleapis.com/v1beta1/projects/chatty-aaa44 {"projectId":"chatty-aaa44","projectNumber":"255600873403","displayName":"chatty","name":"projects/chatty-aaa44","resources":{"hostingSite":"chatty-aaa44","realtimeDatabaseInstance":"chatty-aaa44-default-rtdb","storageBucket":"chatty-aaa44.appspot.com","locationId":"asia-northeast2"},"state":"ACTIVE"}
[info] 
=== Hosting Setup
[info] 
[info] Your public directory is the folder (relative to your project directory) that
[info] will contain Hosting assets to be uploaded with firebase deploy. If you
[info] have a build process for your assets, use your build's output directory.
[info] 
[debug] [2021-07-01T22:43:53.126Z] >>> [apiv2][query] GET https://www.gstatic.com/firebasejs/releases.json [none]
[debug] [2021-07-01T22:43:53.604Z] <<< [apiv2][status] GET https://www.gstatic.com/firebasejs/releases.json 200
[debug] [2021-07-01T22:43:53.604Z] <<< [apiv2][body] GET https://www.gstatic.com/firebasejs/releases.json {"current":{"version":"8.6.8","browserURL":"https://www.gstatic.com/firebasejs/8.6.8/firebase.js","packageURL":"https://www.gstatic.com/firebasejs/8.6.8/firebase.tgz"},"live":{"version":"8.6","browserURL":"https://www.gstatic.com/firebasejs/live/8.6/firebase.js","packageURL":"https://www.gstatic.com/firebasejs/live/8.6/firebase.tgz"},"components":{"analytics":"https://www.gstatic.com/firebasejs/8.6.8/firebase-analytics.js","app":"https://www.gstatic.com/firebasejs/8.6.8/firebase-app.js","app-check":"https://www.gstatic.com/firebasejs/8.6.8/firebase-app-check.js","auth":"https://www.gstatic.com/firebasejs/8.6.8/firebase-auth.js","database":"https://www.gstatic.com/firebasejs/8.6.8/firebase-database.js","firestore":"https://www.gstatic.com/firebasejs/8.6.8/firebase-firestore.js","functions":"https://www.gstatic.com/firebasejs/8.6.8/firebase-functions.js","installations":"https://www.gstatic.com/firebasejs/8.6.8/firebase-installations.js","messaging":"https://www.gstatic.com/firebasejs/8.6.8/firebase-messaging.js","storage":"https://www.gstatic.com/firebasejs/8.6.8/firebase-storage.js","performance":"https://www.gstatic.com/firebasejs/8.6.8/firebase-performance.js","remote-config":"https://www.gstatic.com/firebasejs/8.6.8/firebase-remote-config.js","firestore.memory":"https://www.gstatic.com/firebasejs/8.6.8/firebase-firestore.memory.js"}}
[info] +  Wrote public/index.html 
[info] 
[info] i  Detected a .git folder at E:\chatty\chatty 
[info] i  Authorizing with GitHub to upload your service account to a GitHub repository's secrets store. 
[info] 
[info] Visit this URL on this device to log in:
[info] https://github.com/login/oauth/authorize?client_id=89cf50f02ac6aaed3484&state=98518033&redirect_uri=http%3A%2F%2Flocalhost%3A9005&scope=read%3Auser%20repo%20public_repo
[info] 
[info] Waiting for authentication...
[debug] [2021-07-01T22:44:11.379Z] >>> HTTP REQUEST POST https://github.com/login/oauth/access_token  
 {"client_id":"89cf50f02ac6aaed3484","client_secret":"3330d14abc895d9a74d5f17cd7a00711fa2c5bf0","code":"06384b13f0fd328273fb","redirect_uri":"http://localhost:9005","state":"98518033"}
[debug] [2021-07-01T22:44:12.086Z] <<< HTTP RESPONSE 200 {"server":"GitHub.com","date":"Thu, 01 Jul 2021 22:44:10 GMT","content-type":"application/json; charset=utf-8","transfer-encoding":"chunked","vary":"X-PJAX, Accept-Encoding, Accept, X-Requested-With","permissions-policy":"interest-cohort=()","etag":"W/\"642c77053224ea068f924f2053cf4d27\"","cache-control":"max-age=0, private, must-revalidate","strict-transport-security":"max-age=31536000; includeSubdomains; preload","x-frame-options":"deny","x-content-type-options":"nosniff","x-xss-protection":"0","referrer-policy":"origin-when-cross-origin, strict-origin-when-cross-origin","expect-ct":"max-age=2592000, report-uri=\"https://api.github.com/_private/browser/errors\"","content-security-policy":"default-src 'none'; base-uri 'self'; block-all-mixed-content; connect-src 'self' uploads.github.com www.githubstatus.com collector.githubapp.com api.github.com github-cloud.s3.amazonaws.com github-production-repository-file-5c1aeb.s3.amazonaws.com github-production-upload-manifest-file-7fdce7.s3.amazonaws.com github-production-user-asset-6210df.s3.amazonaws.com cdn.optimizely.com logx.optimizely.com/v1/events translator.github.com wss://alive.github.com; font-src github.githubassets.com; form-action 'self' github.com gist.github.com; frame-ancestors 'none'; frame-src render.githubusercontent.com render-temp.githubusercontent.com viewscreen.githubusercontent.com; img-src 'self' data: github.githubassets.com identicons.github.com collector.githubapp.com github-cloud.s3.amazonaws.com secured-user-images.githubusercontent.com/ *.githubusercontent.com; manifest-src 'self'; media-src 'none'; script-src github.githubassets.com; style-src 'unsafe-inline' github.githubassets.com; worker-src github.com/socket-worker-3f088aa2.js gist.github.com/socket-worker-3f088aa2.js","x-github-request-id":"F2CB:38EC:A9C74:12FCE9:60DE453A"}
[debug] [2021-07-01T22:44:12.122Z] >>> [apiv2][query] GET https://api.github.com/user [none]
[debug] [2021-07-01T22:44:12.751Z] <<< [apiv2][status] GET https://api.github.com/user 200
[debug] [2021-07-01T22:44:12.751Z] <<< [apiv2][body] GET https://api.github.com/user {"login":"gyanpra","id":54781083,"node_id":"MDQ6VXNlcjU0NzgxMDgz","avatar_url":"https://avatars.githubusercontent.com/u/54781083?v=4","gravatar_id":"","url":"https://api.github.com/users/gyanpra","html_url":"https://github.com/gyanpra","followers_url":"https://api.github.com/users/gyanpra/followers","following_url":"https://api.github.com/users/gyanpra/following{/other_user}","gists_url":"https://api.github.com/users/gyanpra/gists{/gist_id}","starred_url":"https://api.github.com/users/gyanpra/starred{/owner}{/repo}","subscriptions_url":"https://api.github.com/users/gyanpra/subscriptions","organizations_url":"https://api.github.com/users/gyanpra/orgs","repos_url":"https://api.github.com/users/gyanpra/repos","events_url":"https://api.github.com/users/gyanpra/events{/privacy}","received_events_url":"https://api.github.com/users/gyanpra/received_events","type":"User","site_admin":false,"name":"Gyan Prakash","company":"Cognizant","blog":"https://www.linkedin.com/in/gyanp008/","location":"Bikramganj","email":null,"hireable":true,"bio":"Programmer Analyst Trainee, Cognizant","twitter_username":"gyanp008","public_repos":36,"public_gists":0,"followers":6,"following":20,"created_at":"2019-09-01T21:36:26Z","updated_at":"2021-07-01T22:44:09Z","private_gists":0,"total_private_repos":11,"owned_private_repos":11,"disk_usage":98082,"collaborators":0,"two_factor_authentication":false,"plan":{"name":"pro","space":976562499,"collaborators":0,"private_repos":9999}}
[info] 
[info] +  Success! Logged into GitHub as gyanpra 
[info] 
